<?xml version="1.0" encoding="UTF-8"?>
<coverage generated="1786299732905" clover="3.2.0">
  <project timestamp="1786299732905" name="All files">
    <metrics statements="15" coveredstatements="13" conditionals="6" coveredconditionals="6" methods="7" coveredmethods="6" elements="28" coveredelements="25" complexity="0" loc="15" ncloc="15" packages="1" files="1" classes="1"/>
    <file name="index.ts" path="C:\Users\sifis\Next-Level-Projects\office\scheduler-deadline\src\index.ts">
      <metrics statements="15" coveredstatements="13" conditionals="6" coveredconditionals="6" methods="7" coveredmethods="6"/>
      <line num="4" count="1" type="stmt"/>
      <line num="15" count="4" type="cond" truecount="3" falsecount="0"/>
      <line num="16" count="1" type="stmt"/>
      <line num="18" count="3" type="stmt"/>
      <line num="19" count="3" type="stmt"/>
      <line num="26" count="1" type="stmt"/>
      <line num="33" count="1" type="stmt"/>
      <line num="42" count="2" type="stmt"/>
      <line num="50" count="1" type="stmt"/>
      <line num="51" count="0" type="stmt"/>
      <line num="52" count="0" type="stmt"/>
      <line num="59" count="1" type="stmt"/>
      <line num="60" count="1" type="stmt"/>
      <line num="68" count="1" type="stmt"/>
      <line num="69" count="3" type="cond" truecount="2" falsecount="0"/>
    </file>
  </project>
</coverage>
