{"C:\\Users\\sifis\\Next-Level-Projects\\office\\scheduler-deadline\\src\\index.ts": {"path":"C:\\Users\\sifis\\Next-Level-Projects\\office\\scheduler-deadline\\src\\index.ts","statementMap":{"0":{"start":{"line":50,"column":0},"end":{"line":50,"column":16}},"1":{"start":{"line":59,"column":0},"end":{"line":59,"column":16}},"2":{"start":{"line":68,"column":0},"end":{"line":68,"column":16}},"3":{"start":{"line":15,"column":4},"end":{"line":17,"column":5}},"4":{"start":{"line":16,"column":6},"end":{"line":16,"column":71}},"5":{"start":{"line":18,"column":4},"end":{"line":18,"column":27}},"6":{"start":{"line":19,"column":4},"end":{"line":19,"column":35}},"7":{"start":{"line":26,"column":4},"end":{"line":26,"column":24}},"8":{"start":{"line":33,"column":4},"end":{"line":33,"column":28}},"9":{"start":{"line":42,"column":4},"end":{"line":42,"column":50}},"10":{"start":{"line":4,"column":0},"end":{"line":4,"column":13}},"11":{"start":{"line":51,"column":2},"end":{"line":51,"column":39}},"12":{"start":{"line":52,"column":2},"end":{"line":52,"column":12}},"13":{"start":{"line":60,"column":2},"end":{"line":60,"column":36}},"14":{"start":{"line":69,"column":2},"end":{"line":69,"column":47}}},"fnMap":{"0":{"name":"(anonymous_0)","decl":{"start":{"line":14,"column":2},"end":{"line":14,"column":14}},"loc":{"start":{"line":14,"column":49},"end":{"line":20,"column":3}}},"1":{"name":"(anonymous_1)","decl":{"start":{"line":25,"column":2},"end":{"line":25,"column":12}},"loc":{"start":{"line":25,"column":12},"end":{"line":27,"column":3}}},"2":{"name":"(anonymous_2)","decl":{"start":{"line":32,"column":2},"end":{"line":32,"column":16}},"loc":{"start":{"line":32,"column":16},"end":{"line":34,"column":3}}},"3":{"name":"(anonymous_3)","decl":{"start":{"line":41,"column":2},"end":{"line":41,"column":11}},"loc":{"start":{"line":41,"column":34},"end":{"line":43,"column":3}}},"4":{"name":"start","decl":{"start":{"line":50,"column":16},"end":{"line":50,"column":21}},"loc":{"start":{"line":50,"column":21},"end":{"line":53,"column":1}}},"5":{"name":"execute","decl":{"start":{"line":59,"column":16},"end":{"line":59,"column":23}},"loc":{"start":{"line":59,"column":23},"end":{"line":61,"column":1}}},"6":{"name":"validate","decl":{"start":{"line":68,"column":16},"end":{"line":68,"column":24}},"loc":{"start":{"line":68,"column":39},"end":{"line":70,"column":1}}}},"branchMap":{"0":{"loc":{"start":{"line":15,"column":4},"end":{"line":17,"column":5}},"type":"if","locations":[{"start":{"line":15,"column":4},"end":{"line":17,"column":5}}]},"1":{"loc":{"start":{"line":15,"column":8},"end":{"line":15,"column":62}},"type":"binary-expr","locations":[{"start":{"line":15,"column":8},"end":{"line":15,"column":34}},{"start":{"line":15,"column":38},"end":{"line":15,"column":62}}]},"2":{"loc":{"start":{"line":41,"column":12},"end":{"line":41,"column":34}},"type":"default-arg","locations":[{"start":{"line":41,"column":24},"end":{"line":41,"column":34}}]},"3":{"loc":{"start":{"line":69,"column":9},"end":{"line":69,"column":46}},"type":"binary-expr","locations":[{"start":{"line":69,"column":9},"end":{"line":69,"column":28}},{"start":{"line":69,"column":32},"end":{"line":69,"column":46}}]}},"s":{"0":1,"1":1,"2":1,"3":4,"4":1,"5":3,"6":3,"7":1,"8":1,"9":2,"10":1,"11":0,"12":0,"13":1,"14":3},"f":{"0":4,"1":1,"2":1,"3":2,"4":0,"5":1,"6":3},"b":{"0":[1],"1":[4,4],"2":[2],"3":[3,2]}}
}
