TN:
SF:src\index.ts
FN:14,(anonymous_0)
FN:25,(anonymous_1)
FN:32,(anonymous_2)
FN:41,(anonymous_3)
FN:50,start
FN:59,execute
FN:68,validate
FNF:7
FNH:6
FNDA:4,(anonymous_0)
FNDA:1,(anonymous_1)
FNDA:1,(anonymous_2)
FNDA:2,(anonymous_3)
FNDA:0,start
FNDA:1,execute
FNDA:3,validate
DA:4,1
DA:15,4
DA:16,1
DA:18,3
DA:19,3
DA:26,1
DA:33,1
DA:42,2
DA:50,1
DA:51,0
DA:52,0
DA:59,1
DA:60,1
DA:68,1
DA:69,3
LF:15
LH:13
BRDA:15,0,0,1
BRDA:15,1,0,4
BRDA:15,1,1,4
BRDA:41,2,0,2
BRDA:69,3,0,3
BRDA:69,3,1,2
BRF:6
BRH:6
end_of_record
